Feature: Audit Log # specs/features/audit_logs.feature:1
  As an administrator
  I want to view audit logs of all changes
  So that I can track who changed what and when
  Feature: Audit Log  # specs/features/audit_logs.feature:1

  @admin
  Scenario: View audit logs                              # specs/features/audit_logs.feature:11
    Given the API is running                             # None
    And I am logged in                                   # None
    When I retrieve the audit logs                       # None
    Then I see a list of audit log entries               # None
    And each entry shows: table_name, action, changed_at # None

  @admin
  Scenario: Filter audit logs by table                 # specs/features/audit_logs.feature:17
    Given the API is running                           # None
    And I am logged in                                 # None
    Given audit logs exist for multiple tables         # None
    When I filter audit logs by table "companies"      # None
    Then I see only audit logs for the companies table # None

  @admin
  Scenario: Filter audit logs by action           # specs/features/audit_logs.feature:23
    Given the API is running                      # None
    And I am logged in                            # None
    When I filter audit logs by action "INSERT"   # None
    Then I see only audit logs with INSERT action # None

  @admin
  Scenario: View audit log details       # specs/features/audit_logs.feature:28
    Given the API is running             # None
    And I am logged in                   # None
    Given an audit log entry exists      # None
    When I retrieve the audit log detail # None
    Then I see the old and new values    # None

  @viewer
  Scenario: Viewer cannot access audit logs  # specs/features/audit_logs.feature:34
    Given the API is running                 # specs/steps/company_steps.py:7
    And I am logged in                       # specs/steps/system_steps.py:52
    Given I am logged in as "viewer"         # specs/steps/system_steps.py:59
    When I try to retrieve audit logs        # specs/steps/audit_steps.py:116
      Traceback (most recent call last):
        File "/opt/anaconda3/lib/python3.12/site-packages/urllib3/connection.py", line 199, in _new_conn
          sock = connection.create_connection(
                 ^^^^^^^^^^^^^^^^^^^^^^^^^^^^^
        File "/opt/anaconda3/lib/python3.12/site-packages/urllib3/util/connection.py", line 85, in create_connection
          raise err
        File "/opt/anaconda3/lib/python3.12/site-packages/urllib3/util/connection.py", line 73, in create_connection
          sock.connect(sa)
      ConnectionRefusedError: [Errno 61] Connection refused
      
      The above exception was the direct cause of the following exception:
      
      Traceback (most recent call last):
        File "/opt/anaconda3/lib/python3.12/site-packages/urllib3/connectionpool.py", line 789, in urlopen
          response = self._make_request(
                     ^^^^^^^^^^^^^^^^^^^
        File "/opt/anaconda3/lib/python3.12/site-packages/urllib3/connectionpool.py", line 495, in _make_request
          conn.request(
        File "/opt/anaconda3/lib/python3.12/site-packages/urllib3/connection.py", line 441, in request
          self.endheaders()
        File "/opt/anaconda3/lib/python3.12/http/client.py", line 1326, in endheaders
          self._send_output(message_body, encode_chunked=encode_chunked)
        File "/opt/anaconda3/lib/python3.12/http/client.py", line 1085, in _send_output
          self.send(msg)
        File "/opt/anaconda3/lib/python3.12/http/client.py", line 1029, in send
          self.connect()
        File "/opt/anaconda3/lib/python3.12/site-packages/urllib3/connection.py", line 279, in connect
          self.sock = self._new_conn()
                      ^^^^^^^^^^^^^^^^
        File "/opt/anaconda3/lib/python3.12/site-packages/urllib3/connection.py", line 214, in _new_conn
          raise NewConnectionError(
      urllib3.exceptions.NewConnectionError: <urllib3.connection.HTTPConnection object at 0x10a442210>: Failed to establish a new connection: [Errno 61] Connection refused
      
      The above exception was the direct cause of the following exception:
      
      Traceback (most recent call last):
        File "/opt/anaconda3/lib/python3.12/site-packages/requests/adapters.py", line 667, in send
          resp = conn.urlopen(
                 ^^^^^^^^^^^^^
        File "/opt/anaconda3/lib/python3.12/site-packages/urllib3/connectionpool.py", line 843, in urlopen
          retries = retries.increment(
                    ^^^^^^^^^^^^^^^^^^
        File "/opt/anaconda3/lib/python3.12/site-packages/urllib3/util/retry.py", line 519, in increment
          raise MaxRetryError(_pool, url, reason) from reason  # type: ignore[arg-type]
          ^^^^^^^^^^^^^^^^^^^^^^^^^^^^^^^^^^^^^^^^^^^^^^^^^^^
      urllib3.exceptions.MaxRetryError: HTTPConnectionPool(host='localhost', port=8000): Max retries exceeded with url: /api/v1/audit-logs (Caused by NewConnectionError('<urllib3.connection.HTTPConnection object at 0x10a442210>: Failed to establish a new connection: [Errno 61] Connection refused'))
      
      During handling of the above exception, another exception occurred:
      
      Traceback (most recent call last):
        File "/opt/anaconda3/lib/python3.12/site-packages/behave/model.py", line 1991, in run
          match.run(runner.context)
        File "/opt/anaconda3/lib/python3.12/site-packages/behave/matchers.py", line 105, in run
          self.func(context, *args, **kwargs)
        File "specs/steps/audit_steps.py", line 119, in step_try_retrieve_audit_logs
          response = requests.get(f"{API_BASE_URL}/audit-logs")
                     ^^^^^^^^^^^^^^^^^^^^^^^^^^^^^^^^^^^^^^^^^^
        File "/opt/anaconda3/lib/python3.12/site-packages/requests/api.py", line 73, in get
          return request("get", url, params=params, **kwargs)
                 ^^^^^^^^^^^^^^^^^^^^^^^^^^^^^^^^^^^^^^^^^^^^
        File "/opt/anaconda3/lib/python3.12/site-packages/requests/api.py", line 59, in request
          return session.request(method=method, url=url, **kwargs)
                 ^^^^^^^^^^^^^^^^^^^^^^^^^^^^^^^^^^^^^^^^^^^^^^^^^
        File "/opt/anaconda3/lib/python3.12/site-packages/requests/sessions.py", line 589, in request
          resp = self.send(prep, **send_kwargs)
                 ^^^^^^^^^^^^^^^^^^^^^^^^^^^^^^
        File "/opt/anaconda3/lib/python3.12/site-packages/requests/sessions.py", line 703, in send
          r = adapter.send(request, **kwargs)
              ^^^^^^^^^^^^^^^^^^^^^^^^^^^^^^^
        File "/opt/anaconda3/lib/python3.12/site-packages/requests/adapters.py", line 700, in send
          raise ConnectionError(e, request=request)
      requests.exceptions.ConnectionError: HTTPConnectionPool(host='localhost', port=8000): Max retries exceeded with url: /api/v1/audit-logs (Caused by NewConnectionError('<urllib3.connection.HTTPConnection object at 0x10a442210>: Failed to establish a new connection: [Errno 61] Connection refused'))

    Then the audit operation is denied       # None
----
CAPTURED STDERR: scenario
specs/steps/company_steps.py:9: ContextMaskWarning: user code is masking context attribute 'api_base'; see the tutorial for what this means
  context.api_base = API_BASE_URL
---- CAPTURED_SCENARIO_OUTPUT_END ----

